  GameCommander.cpp
  GameRecord.cpp
  GameRecordNow.cpp
  MacroAct.cpp
  OpponentModel.cpp
  ParseUtils.cpp
  SkillBattles.cpp
  SkillGasSteal.cpp
  SkillKit.cpp
  SkillLurkers.cpp
  SkillOpeningTiming.cpp
  StrategyBossZerg.cpp
  StrategyManager.cpp
  BuildingManager.cpp
  ProductionManager.cpp
  ScoutManager.cpp
     Creating library C:\Libraries\VolasBot\src\Steamhammer\VisualStudio\\..\bin\Steamhammer.lib and object C:\Libraries\VolasBot\src\Steamhammer\VisualStudio\\..\bin\Steamhammer.exp
  Generating code
  163 of 11599 functions ( 1.4%) were compiled, the rest were copied from previous compilation.
    0 functions were new in current compilation
    93 functions had inline decision re-evaluated but remain unchanged
  Finished generating code
  UAlbertaBot.vcxproj -> C:\Libraries\VolasBot\src\Steamhammer\bin\Steamhammer.dll
